<test name="WGE100 Camera Test" id="wge100-test" >
  <instructions>instructions.html</instructions>
  <!--startup>ethercat.launch</startup-->
  <subtest name="Program Flash" timeout="75">program_firmware_ether.launch</subtest>
  <subtest name="Imager Model Check" timeout="120">check_imager.launch</subtest>
  <subtest name="Untriggered Self-Test" timeout="40">self_test_untriggered.launch</subtest>
</test>
